    OpenRGB v0.9+ (git)
    Commit:  from 
    Launched: 20250625_191715
====================================================================================================

54    |Info:    [ResourceManager] Saving detector settings
55    |Info:    [ResourceManager] Initializing HID interfaces: Success
55    |Info:    ------------------------------------------------------
55    |Info:    |               Start device detection               |
55    |Info:    ------------------------------------------------------
57    |Info:    ------------------------------------------------------
57    |Info:    |             Detecting I2C interfaces               |
57    |Info:    ------------------------------------------------------
57    |Info:    [ResourceManager] Registering I2C interface: /dev/i2c-3 Device 8086:7D67 Subsystem: 1462:7E32
57    |Warning: [i2c_smbus_linux] Failed to read i2c device PCI device ID
57    |Info:    [ResourceManager] Registering I2C interface: /dev/i2c-10 Device 0000:0000 Subsystem: 0000:0000
57    |Info:    [ResourceManager] Registering I2C interface: /dev/i2c-1 Device 8086:7D67 Subsystem: 1462:7E32
57    |Info:    [ResourceManager] Registering I2C interface: /dev/i2c-17 Device 10DE:2C02 Subsystem: 1458:4196
57    |Info:    [ResourceManager] Registering I2C interface: /dev/i2c-8 Device 8086:7D67 Subsystem: 1462:7E32
57    |Info:    [ResourceManager] Registering I2C interface: /dev/i2c-15 Device 10DE:2C02 Subsystem: 1458:4196
57    |Info:    [ResourceManager] Registering I2C interface: /dev/i2c-6 Device 8086:7D67 Subsystem: 1462:7E32
57    |Info:    [ResourceManager] Registering I2C interface: /dev/i2c-13 Device 8086:7F23 Subsystem: 1462:7E32
57    |Info:    [ResourceManager] Registering I2C interface: /dev/i2c-4 Device 8086:7D67 Subsystem: 1462:7E32
57    |Warning: [i2c_smbus_linux] Failed to read i2c device PCI device ID
57    |Info:    [ResourceManager] Registering I2C interface: /dev/i2c-11 Device 0000:0000 Subsystem: 0000:0000
57    |Info:    [ResourceManager] Registering I2C interface: /dev/i2c-2 Device 8086:7D67 Subsystem: 1462:7E32
57    |Info:    [ResourceManager] Registering I2C interface: /dev/i2c-0 Device 0000:0000 Subsystem: 0000:0000
58    |Info:    [ResourceManager] Registering I2C interface: /dev/i2c-9 Device 8086:7D67 Subsystem: 1462:7E32
58    |Info:    [ResourceManager] Registering I2C interface: /dev/i2c-16 Device 10DE:2C02 Subsystem: 1458:4196
58    |Info:    [ResourceManager] Registering I2C interface: /dev/i2c-7 Device 8086:7D67 Subsystem: 1462:7E32
58    |Info:    [ResourceManager] Registering I2C interface: /dev/i2c-14 Device 10DE:2C02 Subsystem: 1458:4196
58    |Info:    [ResourceManager] Registering I2C interface: /dev/i2c-5 Device 8086:7D67 Subsystem: 1462:7E32
58    |Warning: [i2c_smbus_linux] Failed to read i2c device PCI device ID
58    |Info:    [ResourceManager] Registering I2C interface: /dev/i2c-12 Device 0000:0000 Subsystem: 0000:0000
58    |Info:    ------------------------------------------------------
58    |Info:    |               Detecting I2C devices                |
58    |Info:    ------------------------------------------------------
495   |Info:    ------------------------------------------------------
495   |Info:    |            Detecting I2C DIMM modules              |
495   |Info:    ------------------------------------------------------
533   |Info:    ------------------------------------------------------
533   |Info:    |               Detecting I2C PCI devices            |
533   |Info:    ------------------------------------------------------
537   |Info:    ------------------------------------------------------
537   |Info:    |               Detecting HID devices                |
537   |Info:    ------------------------------------------------------
537   |Info:    ------------------------------------------------------
537   |Info:    |            Detecting libusb HID devices            |
537   |Info:    ------------------------------------------------------
537   |Info:    ------------------------------------------------------
537   |Info:    |              Detecting other devices               |
537   |Info:    ------------------------------------------------------
556   |Info:    [ResourceManager] Calling Post-detection callbacks
556   |Info:    ------------------------------------------------------
556   |Info:    |                Detection completed                 |
556   |Info:    ------------------------------------------------------
